<?xml version="1.0" encoding="UTF-8"?>
<!-- Generated by org.testng.reporters.JUnitReportReporter -->
<testsuite skipped="0" hostname="DESKTOP-VTBT3RG" name="pck.Mavnproject.testngannotations" tests="2" failures="0" timestamp="2021-10-04T08:08:58 IST" time="0.009" errors="0">
  <testcase name="Testcase1" time="0.002" classname="pck.Mavnproject.testngannotations"/>
  <system-out/>
  <testcase name="Testcase0" time="0.007" classname="pck.Mavnproject.testngannotations"/>
  <system-out/>
</testsuite> <!-- pck.Mavnproject.testngannotations -->
