<?xml version="1.0" encoding="UTF-8"?>
<!-- Generated by org.testng.reporters.JUnitReportReporter -->
<testsuite skipped="0" hostname="DESKTOP-VTBT3RG" name="pck.Mavnproject.testparameters" tests="1" failures="0" timestamp="2021-10-04T08:47:22 IST" time="0.006" errors="0">
  <testcase name="Testcase2" time="0.006" classname="pck.Mavnproject.testparameters"/>
  <system-out/>
</testsuite> <!-- pck.Mavnproject.testparameters -->
