<?xml version="1.0" encoding="UTF-8"?>
<!-- Generated by org.testng.reporters.JUnitReportReporter -->
<testsuite skipped="0" hostname="DESKTOP-VTBT3RG" name="pck.Mavnproject.secondclasstestng" tests="2" failures="0" timestamp="2021-10-02T10:38:14 IST" time="0.004" errors="0">
  <testcase name="Testcase1" time="0.003" classname="pck.Mavnproject.secondclasstestng"/>
  <system-out/>
  <testcase name="Testcase01" time="0.001" classname="pck.Mavnproject.secondclasstestng"/>
  <system-out/>
</testsuite> <!-- pck.Mavnproject.secondclasstestng -->
