<?xml version="1.0" encoding="UTF-8"?>
<!-- Generated by org.testng.reporters.JUnitReportReporter -->
<testsuite skipped="0" hostname="DESKTOP-VTBT3RG" name="pck.Mavnproject.beforesuite" tests="1" failures="0" timestamp="2021-10-04T09:19:19 IST" time="0.007" errors="0">
  <testcase name="Testcase1" time="0.007" classname="pck.Mavnproject.beforesuite"/>
  <system-out/>
</testsuite> <!-- pck.Mavnproject.beforesuite -->
