<?xml version="1.0" encoding="UTF-8"?>
<!-- Generated by org.testng.reporters.JUnitReportReporter -->
<testsuite skipped="0" hostname="DESKTOP-VTBT3RG" name="pck.Mavnproject.groups" tests="4" failures="0" timestamp="2021-10-04T09:08:34 IST" time="0.007" errors="0">
  <testcase name="Testcase1" time="0.001" classname="pck.Mavnproject.groups"/>
  <system-out/>
  <testcase name="Testcase2" time="0.004" classname="pck.Mavnproject.groups"/>
  <system-out/>
  <testcase name="Testcase3" time="0.001" classname="pck.Mavnproject.groups"/>
  <system-out/>
  <testcase name="Testcase4" time="0.001" classname="pck.Mavnproject.groups"/>
  <system-out/>
</testsuite> <!-- pck.Mavnproject.groups -->
