<?xml version="1.0" encoding="UTF-8"?>
<!-- Generated by org.testng.reporters.JUnitReportReporter -->
<testsuite skipped="0" hostname="DESKTOP-VTBT3RG" name="pck.Mavnproject.extenreportvalidation" tests="2" failures="0" timestamp="2021-10-08T08:46:02 IST" time="5.040" errors="0">
  <testcase name="Testcase0" time="3.598" classname="pck.Mavnproject.extenreportvalidation"/>
  <system-out/>
  <testcase name="Testcase1" time="1.442" classname="pck.Mavnproject.extenreportvalidation"/>
  <system-out/>
</testsuite> <!-- pck.Mavnproject.extenreportvalidation -->
